<?xml version="1.0" encoding="utf-8" standalone="no"?>
<!--This file represents the results of running a test suite-->
<test-results name="build/MonoReports.Tests.dll" total="7" failures="0" not-run="0" date="2010-12-09" time="10:02:40">
  <environment nunit-version="2.4.8.0" clr-version="2.0.50727.1433" os-version="Unix 2.6.35.23" platform="Unix" cwd="/home/tomek/projekty/monoreports" machine-name="sokrates" user="tomek" user-domain="sokrates" />
  <culture-info current-culture="pl-PL" current-uiculture="pl-PL" />
  <test-suite name="build/MonoReports.Tests.dll" success="True" time="0.142" asserts="0">
    <results>
      <test-suite name="MonoReports" success="True" time="0.140" asserts="0">
        <results>
          <test-suite name="Tests" success="True" time="0.139" asserts="0">
            <results>
              <test-suite name="FieldBuilderTest" success="True" time="0.034" asserts="0">
                <results>
                  <test-case name="MonoReports.Tests.FieldBuilderTest.CreateFields_ForClass_ReturnsFieldsWithAllProperties" executed="True" success="True" time="0.023" asserts="1" />
                  <test-case name="MonoReports.Tests.FieldBuilderTest.CreateFields_ForString_ShouldCreateFieldWithName" executed="True" success="True" time="0.001" asserts="3" />
                </results>
              </test-suite>
              <test-suite name="ObjectDataSourceTest" success="True" time="0.005" asserts="0">
                <results>
                  <test-case name="MonoReports.Tests.ObjectDataSourceTest.Reset_AfterFirstIteration_MakesSourceIterableAgain" executed="True" success="True" time="0.004" asserts="2" />
                </results>
              </test-suite>
              <test-suite name="ReportEngineTest" success="True" time="0.018" asserts="0">
                <results>
                  <test-case name="MonoReports.Tests.ReportEngineTest.ProcessSectionUpToHeightTreshold_BeforeDeailsProcess_HeightLeftIsReportHeightMinusHeadersAndFooters" executed="True" success="True" time="0.016" asserts="1" />
                  <test-case name="MonoReports.Tests.ReportEngineTest.ProcessSectionUpToHeightTreshold_WithNoDatasource_HasAtLeastOnePage" executed="True" success="True" time="0.001" asserts="1" />
                </results>
              </test-suite>
              <test-suite name="ReportTest" success="True" time="0.001" asserts="0">
                <results>
                  <test-case name="MonoReports.Tests.ReportTest.FillFieldsFromDataSource_WithNullDataSource_ShouldThrowException" executed="True" success="True" time="0.001" asserts="0" />
                </results>
              </test-suite>
              <test-suite name="TextBlockRendererTest" success="True" time="0.051" asserts="0">
                <results>
                  <test-case name="MonoReports.Tests.TextBlockRendererTest.BreakOffControlAtMostAtHeight_WithHeightInText_FirstControlAlwaysLowerOrEqualThanHeight" executed="True" success="True" time="0.051" asserts="4" />
                </results>
              </test-suite>
            </results>
          </test-suite>
        </results>
      </test-suite>
    </results>
  </test-suite>
</test-results>